c:\users\yatram\documents\labdecg\project1\project1\debug\vc141.pdb
c:\users\yatram\documents\labdecg\project1\project1\debug\vc141.idb
c:\users\yatram\documents\labdecg\project1\project1\debug\main.obj
c:\users\yatram\documents\labdecg\project1\project1\debug\main_prac3.obj
c:\users\yatram\documents\labdecg\project1\project1\debug\main_prac4.obj
c:\users\yatram\documents\labdecg\project1\project1\debug\main_ori.obj
c:\users\yatram\documents\labdecg\project1\project1\debug\main_prac6.2.obj
c:\users\yatram\documents\labdecg\project1\project1\debug\texture.obj
c:\users\yatram\documents\labdecg\project1\project1\debug\main_prac8.obj
c:\users\yatram\documents\labdecg\project1\project1\debug\main_prac9.obj
c:\users\yatram\documents\labdecg\project1\project1\debug\figuras.obj
c:\users\yatram\documents\labdecg\project1\project1\debug\camera.obj
c:\users\yatram\documents\labdecg\project1\project1\debug\main_prac10new.obj
c:\users\yatram\documents\labdecg\project1\project1\debug\main_prac12.obj
c:\users\yatram\documents\github\feria-opengl\feria\feria\debug\vc141.pdb
c:\users\yatram\documents\github\feria-opengl\feria\feria\debug\vc141.idb
c:\users\yatram\documents\github\feria-opengl\feria\feria\debug\texture.obj
c:\users\yatram\documents\github\feria-opengl\feria\feria\debug\main_prac12.obj
c:\users\yatram\documents\github\feria-opengl\feria\feria\debug\figuras.obj
c:\users\yatram\documents\github\feria-opengl\feria\feria\debug\camera.obj
c:\users\yatram\documents\labdecg\project1\debug\project1.exe
c:\users\yatram\documents\labdecg\project1\debug\project1.ilk
c:\users\yatram\documents\labdecg\project1\debug\project1.pdb
c:\users\yatram\documents\github\feria-opengl\feria\feria\debug\project1.ilk
c:\users\yatram\documents\github\feria-opengl\feria\feria\debug\project1.exe
c:\users\yatram\documents\github\feria-opengl\feria\feria\debug\project1.pdb
c:\users\yatram\documents\github\feria-opengl\feria\feria\debug\main.obj
c:\users\yatram\documents\github\feria-opengl\feria\feria\debug\main_ori.obj
c:\users\yatram\documents\github\feria-opengl\feria\feria\debug\main_prac10new.obj
c:\users\yatram\documents\github\feria-opengl\feria\feria\debug\main_prac2.obj
c:\users\yatram\documents\github\feria-opengl\feria\feria\debug\main_prac3.obj
c:\users\yatram\documents\github\feria-opengl\feria\feria\debug\main_prac4.obj
c:\users\yatram\documents\github\feria-opengl\feria\feria\debug\main_prac6.2.obj
c:\users\yatram\documents\github\feria-opengl\feria\feria\debug\main_prac8.obj
c:\users\yatram\documents\github\feria-opengl\feria\feria\debug\main_prac9.obj
c:\users\yatram\documents\github\feria-opengl\feria\feria\debug\main_prac12.obj.enc
c:\users\yatram\documents\github\feria-opengl\feria\feria\debug\project1.tlog\cl.command.1.tlog
c:\users\yatram\documents\github\feria-opengl\feria\feria\debug\project1.tlog\cl.read.1.tlog
c:\users\yatram\documents\github\feria-opengl\feria\feria\debug\project1.tlog\cl.write.1.tlog
c:\users\yatram\documents\github\feria-opengl\feria\feria\debug\project1.tlog\link.command.1.tlog
c:\users\yatram\documents\github\feria-opengl\feria\feria\debug\project1.tlog\link.read.1.tlog
c:\users\yatram\documents\github\feria-opengl\feria\feria\debug\project1.tlog\link.write.1.tlog
